2023-02-13 18:58:43,866 - root - INFO - Namespace(seed=2022, data_name='Douban', data_dir='data/', cuda=False, gpu_id=0, use_pretrain=0, pretrain_model_path='trained_model/Embedding_based.pth', cf_batch_size=1024, kg_batch_size=2048, test_batch_size=2048, embed_dim=32, relation_dim=32, KG_embedding_type='TransE', kg_l2loss_lambda=0.0001, cf_l2loss_lambda=0.0001, lr=0.001, n_epoch=1000, stopping_steps=10, print_every=1, evaluate_every=10, Ks='[5, 10]', save_dir='trained_model/Douban/Embedding_based/dim32_lr0.001_l20.0001_TransE/')
2023-02-13 19:00:00,956 - root - INFO - n_users:      447
2023-02-13 19:00:00,957 - root - INFO - n_items:      578
2023-02-13 19:00:00,957 - root - INFO - n_entities:   70010
2023-02-13 19:00:00,958 - root - INFO - n_relations:  1126
2023-02-13 19:00:00,958 - root - INFO - n_cf_train:   41830
2023-02-13 19:00:00,958 - root - INFO - n_cf_test:    10840
2023-02-13 19:00:00,959 - root - INFO - n_kg_data:    3643404
2023-02-13 19:00:00,992 - root - INFO - Embedding_based(
  (user_embed): Embedding(447, 32)
  (item_embed): Embedding(578, 32)
  (entity_embed): Embedding(70010, 32)
  (relation_embed): Embedding(1126, 32)
)
2023-02-13 19:00:01,133 - root - INFO - KG & CF Training: Epoch 0001 Iter 0001 / 0041 | Time 0.1s | Iter Loss 1.5782 | Iter Mean Loss 1.5782
2023-02-13 19:00:01,270 - root - INFO - KG & CF Training: Epoch 0001 Iter 0002 / 0041 | Time 0.1s | Iter Loss 1.3913 | Iter Mean Loss 1.4847
2023-02-13 19:00:01,393 - root - INFO - KG & CF Training: Epoch 0001 Iter 0003 / 0041 | Time 0.1s | Iter Loss 1.2594 | Iter Mean Loss 1.4096
2023-02-13 19:00:01,524 - root - INFO - KG & CF Training: Epoch 0001 Iter 0004 / 0041 | Time 0.1s | Iter Loss 1.1740 | Iter Mean Loss 1.3507
2023-02-13 19:00:01,663 - root - INFO - KG & CF Training: Epoch 0001 Iter 0005 / 0041 | Time 0.1s | Iter Loss 1.1523 | Iter Mean Loss 1.3110
2023-02-13 19:00:01,807 - root - INFO - KG & CF Training: Epoch 0001 Iter 0006 / 0041 | Time 0.1s | Iter Loss 1.1301 | Iter Mean Loss 1.2809
2023-02-13 19:00:01,932 - root - INFO - KG & CF Training: Epoch 0001 Iter 0007 / 0041 | Time 0.1s | Iter Loss 1.1194 | Iter Mean Loss 1.2578
2023-02-13 19:00:02,072 - root - INFO - KG & CF Training: Epoch 0001 Iter 0008 / 0041 | Time 0.1s | Iter Loss 1.1300 | Iter Mean Loss 1.2418
2023-02-13 19:00:02,216 - root - INFO - KG & CF Training: Epoch 0001 Iter 0009 / 0041 | Time 0.1s | Iter Loss 1.0938 | Iter Mean Loss 1.2254
2023-02-13 19:00:02,336 - root - INFO - KG & CF Training: Epoch 0001 Iter 0010 / 0041 | Time 0.1s | Iter Loss 1.1012 | Iter Mean Loss 1.2130
2023-02-13 19:00:02,467 - root - INFO - KG & CF Training: Epoch 0001 Iter 0011 / 0041 | Time 0.1s | Iter Loss 1.0922 | Iter Mean Loss 1.2020
2023-02-13 19:00:02,593 - root - INFO - KG & CF Training: Epoch 0001 Iter 0012 / 0041 | Time 0.1s | Iter Loss 1.0964 | Iter Mean Loss 1.1932
2023-02-13 19:00:02,731 - root - INFO - KG & CF Training: Epoch 0001 Iter 0013 / 0041 | Time 0.1s | Iter Loss 1.1029 | Iter Mean Loss 1.1862
2023-02-13 19:00:02,868 - root - INFO - KG & CF Training: Epoch 0001 Iter 0014 / 0041 | Time 0.1s | Iter Loss 1.1323 | Iter Mean Loss 1.1824
2023-02-13 19:00:03,012 - root - INFO - KG & CF Training: Epoch 0001 Iter 0015 / 0041 | Time 0.1s | Iter Loss 1.1244 | Iter Mean Loss 1.1785
2023-02-13 19:00:03,157 - root - INFO - KG & CF Training: Epoch 0001 Iter 0016 / 0041 | Time 0.1s | Iter Loss 1.0762 | Iter Mean Loss 1.1721
2023-02-13 19:00:03,299 - root - INFO - KG & CF Training: Epoch 0001 Iter 0017 / 0041 | Time 0.1s | Iter Loss 1.1249 | Iter Mean Loss 1.1693
2023-02-13 19:00:03,451 - root - INFO - KG & CF Training: Epoch 0001 Iter 0018 / 0041 | Time 0.2s | Iter Loss 1.1267 | Iter Mean Loss 1.1670
2023-02-13 19:00:03,601 - root - INFO - KG & CF Training: Epoch 0001 Iter 0019 / 0041 | Time 0.1s | Iter Loss 1.1252 | Iter Mean Loss 1.1648
2023-02-13 19:00:03,733 - root - INFO - KG & CF Training: Epoch 0001 Iter 0020 / 0041 | Time 0.1s | Iter Loss 1.1536 | Iter Mean Loss 1.1642
2023-02-13 19:00:03,860 - root - INFO - KG & CF Training: Epoch 0001 Iter 0021 / 0041 | Time 0.1s | Iter Loss 1.1284 | Iter Mean Loss 1.1625
2023-02-13 19:00:04,003 - root - INFO - KG & CF Training: Epoch 0001 Iter 0022 / 0041 | Time 0.1s | Iter Loss 1.1054 | Iter Mean Loss 1.1599
2023-02-13 19:00:04,141 - root - INFO - KG & CF Training: Epoch 0001 Iter 0023 / 0041 | Time 0.1s | Iter Loss 1.1406 | Iter Mean Loss 1.1591
2023-02-13 19:00:04,277 - root - INFO - KG & CF Training: Epoch 0001 Iter 0024 / 0041 | Time 0.1s | Iter Loss 1.1185 | Iter Mean Loss 1.1574
2023-02-13 19:00:04,406 - root - INFO - KG & CF Training: Epoch 0001 Iter 0025 / 0041 | Time 0.1s | Iter Loss 1.1270 | Iter Mean Loss 1.1562
2023-02-13 19:00:04,537 - root - INFO - KG & CF Training: Epoch 0001 Iter 0026 / 0041 | Time 0.1s | Iter Loss 1.1103 | Iter Mean Loss 1.1544
2023-02-13 19:00:04,688 - root - INFO - KG & CF Training: Epoch 0001 Iter 0027 / 0041 | Time 0.2s | Iter Loss 1.1492 | Iter Mean Loss 1.1542
2023-02-13 19:00:04,828 - root - INFO - KG & CF Training: Epoch 0001 Iter 0028 / 0041 | Time 0.1s | Iter Loss 1.1285 | Iter Mean Loss 1.1533
2023-02-13 19:00:04,976 - root - INFO - KG & CF Training: Epoch 0001 Iter 0029 / 0041 | Time 0.1s | Iter Loss 1.1086 | Iter Mean Loss 1.1518
2023-02-13 19:00:05,105 - root - INFO - KG & CF Training: Epoch 0001 Iter 0030 / 0041 | Time 0.1s | Iter Loss 1.0810 | Iter Mean Loss 1.1494
2023-02-13 19:00:05,234 - root - INFO - KG & CF Training: Epoch 0001 Iter 0031 / 0041 | Time 0.1s | Iter Loss 1.1507 | Iter Mean Loss 1.1494
2023-02-13 19:00:05,373 - root - INFO - KG & CF Training: Epoch 0001 Iter 0032 / 0041 | Time 0.1s | Iter Loss 1.1783 | Iter Mean Loss 1.1503
2023-02-13 19:00:05,504 - root - INFO - KG & CF Training: Epoch 0001 Iter 0033 / 0041 | Time 0.1s | Iter Loss 1.1207 | Iter Mean Loss 1.1494
2023-02-13 19:00:05,639 - root - INFO - KG & CF Training: Epoch 0001 Iter 0034 / 0041 | Time 0.1s | Iter Loss 1.1395 | Iter Mean Loss 1.1491
2023-02-13 19:00:05,778 - root - INFO - KG & CF Training: Epoch 0001 Iter 0035 / 0041 | Time 0.1s | Iter Loss 1.1445 | Iter Mean Loss 1.1490
2023-02-13 19:00:05,906 - root - INFO - KG & CF Training: Epoch 0001 Iter 0036 / 0041 | Time 0.1s | Iter Loss 1.1350 | Iter Mean Loss 1.1486
2023-02-13 19:00:06,029 - root - INFO - KG & CF Training: Epoch 0001 Iter 0037 / 0041 | Time 0.1s | Iter Loss 1.1409 | Iter Mean Loss 1.1484
2023-02-13 19:00:06,162 - root - INFO - KG & CF Training: Epoch 0001 Iter 0038 / 0041 | Time 0.1s | Iter Loss 1.1084 | Iter Mean Loss 1.1474
2023-02-13 19:00:06,288 - root - INFO - KG & CF Training: Epoch 0001 Iter 0039 / 0041 | Time 0.1s | Iter Loss 1.1493 | Iter Mean Loss 1.1474
2023-02-13 19:00:06,425 - root - INFO - KG & CF Training: Epoch 0001 Iter 0040 / 0041 | Time 0.1s | Iter Loss 1.1529 | Iter Mean Loss 1.1475
2023-02-13 19:00:06,545 - root - INFO - KG & CF Training: Epoch 0001 Iter 0041 / 0041 | Time 0.1s | Iter Loss 1.1327 | Iter Mean Loss 1.1472
2023-02-13 19:00:06,546 - root - INFO - KG & CF Training: Epoch 0001 Total Iter 0041 | Total Time 5.6s | Iter Mean Loss 1.1472
2023-02-13 19:00:06,676 - root - INFO - KG & CF Training: Epoch 0002 Iter 0001 / 0041 | Time 0.1s | Iter Loss 1.0861 | Iter Mean Loss 1.0861
2023-02-13 19:00:06,821 - root - INFO - KG & CF Training: Epoch 0002 Iter 0002 / 0041 | Time 0.1s | Iter Loss 1.1198 | Iter Mean Loss 1.1029
2023-02-13 19:00:06,951 - root - INFO - KG & CF Training: Epoch 0002 Iter 0003 / 0041 | Time 0.1s | Iter Loss 1.1450 | Iter Mean Loss 1.1169
2023-02-13 19:00:07,084 - root - INFO - KG & CF Training: Epoch 0002 Iter 0004 / 0041 | Time 0.1s | Iter Loss 1.0993 | Iter Mean Loss 1.1125
2023-02-13 19:00:07,216 - root - INFO - KG & CF Training: Epoch 0002 Iter 0005 / 0041 | Time 0.1s | Iter Loss 1.0962 | Iter Mean Loss 1.1093
2023-02-13 19:00:07,354 - root - INFO - KG & CF Training: Epoch 0002 Iter 0006 / 0041 | Time 0.1s | Iter Loss 1.1389 | Iter Mean Loss 1.1142
2023-02-13 19:00:07,476 - root - INFO - KG & CF Training: Epoch 0002 Iter 0007 / 0041 | Time 0.1s | Iter Loss 1.1215 | Iter Mean Loss 1.1152
2023-02-13 19:00:07,603 - root - INFO - KG & CF Training: Epoch 0002 Iter 0008 / 0041 | Time 0.1s | Iter Loss 1.1364 | Iter Mean Loss 1.1179
2023-02-13 19:00:07,736 - root - INFO - KG & CF Training: Epoch 0002 Iter 0009 / 0041 | Time 0.1s | Iter Loss 1.1413 | Iter Mean Loss 1.1205
2023-02-13 19:00:07,867 - root - INFO - KG & CF Training: Epoch 0002 Iter 0010 / 0041 | Time 0.1s | Iter Loss 1.1630 | Iter Mean Loss 1.1247
2023-02-13 19:00:08,003 - root - INFO - KG & CF Training: Epoch 0002 Iter 0011 / 0041 | Time 0.1s | Iter Loss 1.1151 | Iter Mean Loss 1.1239
2023-02-13 19:00:08,128 - root - INFO - KG & CF Training: Epoch 0002 Iter 0012 / 0041 | Time 0.1s | Iter Loss 1.0691 | Iter Mean Loss 1.1193
2023-02-13 19:00:08,258 - root - INFO - KG & CF Training: Epoch 0002 Iter 0013 / 0041 | Time 0.1s | Iter Loss 1.1300 | Iter Mean Loss 1.1201
2023-02-13 19:00:08,392 - root - INFO - KG & CF Training: Epoch 0002 Iter 0014 / 0041 | Time 0.1s | Iter Loss 1.0382 | Iter Mean Loss 1.1143
2023-02-13 19:00:08,537 - root - INFO - KG & CF Training: Epoch 0002 Iter 0015 / 0041 | Time 0.1s | Iter Loss 1.1171 | Iter Mean Loss 1.1145
2023-02-13 19:00:08,670 - root - INFO - KG & CF Training: Epoch 0002 Iter 0016 / 0041 | Time 0.1s | Iter Loss 1.1407 | Iter Mean Loss 1.1161
2023-02-13 19:00:08,802 - root - INFO - KG & CF Training: Epoch 0002 Iter 0017 / 0041 | Time 0.1s | Iter Loss 1.1079 | Iter Mean Loss 1.1156
2023-02-13 19:00:08,936 - root - INFO - KG & CF Training: Epoch 0002 Iter 0018 / 0041 | Time 0.1s | Iter Loss 1.1239 | Iter Mean Loss 1.1161
2023-02-13 19:00:09,063 - root - INFO - KG & CF Training: Epoch 0002 Iter 0019 / 0041 | Time 0.1s | Iter Loss 1.1175 | Iter Mean Loss 1.1162
2023-02-13 19:00:09,198 - root - INFO - KG & CF Training: Epoch 0002 Iter 0020 / 0041 | Time 0.1s | Iter Loss 1.1271 | Iter Mean Loss 1.1167
2023-02-13 19:00:09,326 - root - INFO - KG & CF Training: Epoch 0002 Iter 0021 / 0041 | Time 0.1s | Iter Loss 1.1071 | Iter Mean Loss 1.1162
2023-02-13 19:00:09,463 - root - INFO - KG & CF Training: Epoch 0002 Iter 0022 / 0041 | Time 0.1s | Iter Loss 1.1157 | Iter Mean Loss 1.1162
2023-02-13 19:00:09,606 - root - INFO - KG & CF Training: Epoch 0002 Iter 0023 / 0041 | Time 0.1s | Iter Loss 1.1504 | Iter Mean Loss 1.1177
2023-02-13 19:00:09,730 - root - INFO - KG & CF Training: Epoch 0002 Iter 0024 / 0041 | Time 0.1s | Iter Loss 1.0809 | Iter Mean Loss 1.1162
2023-02-13 19:00:09,865 - root - INFO - KG & CF Training: Epoch 0002 Iter 0025 / 0041 | Time 0.1s | Iter Loss 1.0382 | Iter Mean Loss 1.1130
2023-02-13 19:00:10,001 - root - INFO - KG & CF Training: Epoch 0002 Iter 0026 / 0041 | Time 0.1s | Iter Loss 1.1558 | Iter Mean Loss 1.1147
2023-02-13 19:00:10,152 - root - INFO - KG & CF Training: Epoch 0002 Iter 0027 / 0041 | Time 0.2s | Iter Loss 1.0644 | Iter Mean Loss 1.1128
2023-02-13 19:00:10,283 - root - INFO - KG & CF Training: Epoch 0002 Iter 0028 / 0041 | Time 0.1s | Iter Loss 1.0627 | Iter Mean Loss 1.1110
2023-02-13 19:00:10,414 - root - INFO - KG & CF Training: Epoch 0002 Iter 0029 / 0041 | Time 0.1s | Iter Loss 1.1254 | Iter Mean Loss 1.1115
2023-02-13 19:00:10,552 - root - INFO - KG & CF Training: Epoch 0002 Iter 0030 / 0041 | Time 0.1s | Iter Loss 1.1189 | Iter Mean Loss 1.1118
2023-02-13 19:00:10,687 - root - INFO - KG & CF Training: Epoch 0002 Iter 0031 / 0041 | Time 0.1s | Iter Loss 1.0877 | Iter Mean Loss 1.1110
2023-02-13 19:00:10,826 - root - INFO - KG & CF Training: Epoch 0002 Iter 0032 / 0041 | Time 0.1s | Iter Loss 1.1047 | Iter Mean Loss 1.1108
2023-02-13 19:00:10,971 - root - INFO - KG & CF Training: Epoch 0002 Iter 0033 / 0041 | Time 0.1s | Iter Loss 1.1439 | Iter Mean Loss 1.1118
2023-02-13 19:00:11,095 - root - INFO - KG & CF Training: Epoch 0002 Iter 0034 / 0041 | Time 0.1s | Iter Loss 1.0904 | Iter Mean Loss 1.1112
2023-02-13 19:00:11,229 - root - INFO - KG & CF Training: Epoch 0002 Iter 0035 / 0041 | Time 0.1s | Iter Loss 1.0718 | Iter Mean Loss 1.1101
2023-02-13 19:00:11,364 - root - INFO - KG & CF Training: Epoch 0002 Iter 0036 / 0041 | Time 0.1s | Iter Loss 1.0966 | Iter Mean Loss 1.1097
2023-02-13 19:00:11,502 - root - INFO - KG & CF Training: Epoch 0002 Iter 0037 / 0041 | Time 0.1s | Iter Loss 1.0834 | Iter Mean Loss 1.1090
2023-02-13 19:00:11,628 - root - INFO - KG & CF Training: Epoch 0002 Iter 0038 / 0041 | Time 0.1s | Iter Loss 1.0979 | Iter Mean Loss 1.1087
2023-02-13 19:00:11,770 - root - INFO - KG & CF Training: Epoch 0002 Iter 0039 / 0041 | Time 0.1s | Iter Loss 1.1777 | Iter Mean Loss 1.1104
2023-02-13 19:00:11,900 - root - INFO - KG & CF Training: Epoch 0002 Iter 0040 / 0041 | Time 0.1s | Iter Loss 1.0795 | Iter Mean Loss 1.1097
2023-02-13 19:00:12,034 - root - INFO - KG & CF Training: Epoch 0002 Iter 0041 / 0041 | Time 0.1s | Iter Loss 1.1513 | Iter Mean Loss 1.1107
2023-02-13 19:00:12,034 - root - INFO - KG & CF Training: Epoch 0002 Total Iter 0041 | Total Time 5.5s | Iter Mean Loss 1.1107
2023-02-13 19:00:12,178 - root - INFO - KG & CF Training: Epoch 0003 Iter 0001 / 0041 | Time 0.1s | Iter Loss 1.0817 | Iter Mean Loss 1.0817
2023-02-13 19:00:12,307 - root - INFO - KG & CF Training: Epoch 0003 Iter 0002 / 0041 | Time 0.1s | Iter Loss 1.0636 | Iter Mean Loss 1.0727
2023-02-13 19:00:12,444 - root - INFO - KG & CF Training: Epoch 0003 Iter 0003 / 0041 | Time 0.1s | Iter Loss 1.1479 | Iter Mean Loss 1.0978
2023-02-13 19:00:12,585 - root - INFO - KG & CF Training: Epoch 0003 Iter 0004 / 0041 | Time 0.1s | Iter Loss 1.1084 | Iter Mean Loss 1.1004
2023-02-13 19:00:12,712 - root - INFO - KG & CF Training: Epoch 0003 Iter 0005 / 0041 | Time 0.1s | Iter Loss 1.0319 | Iter Mean Loss 1.0867
2023-02-13 19:00:12,838 - root - INFO - KG & CF Training: Epoch 0003 Iter 0006 / 0041 | Time 0.1s | Iter Loss 1.0955 | Iter Mean Loss 1.0882
2023-02-13 19:00:12,986 - root - INFO - KG & CF Training: Epoch 0003 Iter 0007 / 0041 | Time 0.1s | Iter Loss 1.0366 | Iter Mean Loss 1.0808
2023-02-13 19:00:13,125 - root - INFO - KG & CF Training: Epoch 0003 Iter 0008 / 0041 | Time 0.1s | Iter Loss 1.0626 | Iter Mean Loss 1.0785
2023-02-13 19:00:13,268 - root - INFO - KG & CF Training: Epoch 0003 Iter 0009 / 0041 | Time 0.1s | Iter Loss 1.0927 | Iter Mean Loss 1.0801
2023-02-13 19:00:13,406 - root - INFO - KG & CF Training: Epoch 0003 Iter 0010 / 0041 | Time 0.1s | Iter Loss 1.0841 | Iter Mean Loss 1.0805
2023-02-13 19:00:13,539 - root - INFO - KG & CF Training: Epoch 0003 Iter 0011 / 0041 | Time 0.1s | Iter Loss 1.1324 | Iter Mean Loss 1.0852
2023-02-13 19:00:13,672 - root - INFO - KG & CF Training: Epoch 0003 Iter 0012 / 0041 | Time 0.1s | Iter Loss 1.0933 | Iter Mean Loss 1.0859
2023-02-13 19:00:13,806 - root - INFO - KG & CF Training: Epoch 0003 Iter 0013 / 0041 | Time 0.1s | Iter Loss 1.0465 | Iter Mean Loss 1.0829
2023-02-13 19:00:13,945 - root - INFO - KG & CF Training: Epoch 0003 Iter 0014 / 0041 | Time 0.1s | Iter Loss 1.0712 | Iter Mean Loss 1.0820
2023-02-13 19:00:14,089 - root - INFO - KG & CF Training: Epoch 0003 Iter 0015 / 0041 | Time 0.1s | Iter Loss 1.0781 | Iter Mean Loss 1.0818
2023-02-13 19:00:14,220 - root - INFO - KG & CF Training: Epoch 0003 Iter 0016 / 0041 | Time 0.1s | Iter Loss 1.0639 | Iter Mean Loss 1.0807
2023-02-13 19:00:14,354 - root - INFO - KG & CF Training: Epoch 0003 Iter 0017 / 0041 | Time 0.1s | Iter Loss 1.1138 | Iter Mean Loss 1.0826
2023-02-13 19:00:14,485 - root - INFO - KG & CF Training: Epoch 0003 Iter 0018 / 0041 | Time 0.1s | Iter Loss 1.0905 | Iter Mean Loss 1.0830
2023-02-13 19:00:14,626 - root - INFO - KG & CF Training: Epoch 0003 Iter 0019 / 0041 | Time 0.1s | Iter Loss 1.0874 | Iter Mean Loss 1.0833
2023-02-13 19:00:14,768 - root - INFO - KG & CF Training: Epoch 0003 Iter 0020 / 0041 | Time 0.1s | Iter Loss 1.0919 | Iter Mean Loss 1.0837
2023-02-13 19:00:14,901 - root - INFO - KG & CF Training: Epoch 0003 Iter 0021 / 0041 | Time 0.1s | Iter Loss 1.0801 | Iter Mean Loss 1.0835
2023-02-13 19:00:15,027 - root - INFO - KG & CF Training: Epoch 0003 Iter 0022 / 0041 | Time 0.1s | Iter Loss 1.0540 | Iter Mean Loss 1.0822
2023-02-13 19:00:15,169 - root - INFO - KG & CF Training: Epoch 0003 Iter 0023 / 0041 | Time 0.1s | Iter Loss 1.0862 | Iter Mean Loss 1.0824
2023-02-13 19:00:15,312 - root - INFO - KG & CF Training: Epoch 0003 Iter 0024 / 0041 | Time 0.1s | Iter Loss 1.1297 | Iter Mean Loss 1.0843
2023-02-13 19:00:15,454 - root - INFO - KG & CF Training: Epoch 0003 Iter 0025 / 0041 | Time 0.1s | Iter Loss 1.0956 | Iter Mean Loss 1.0848
2023-02-13 19:00:15,606 - root - INFO - KG & CF Training: Epoch 0003 Iter 0026 / 0041 | Time 0.2s | Iter Loss 1.0935 | Iter Mean Loss 1.0851
2023-02-13 19:00:15,741 - root - INFO - KG & CF Training: Epoch 0003 Iter 0027 / 0041 | Time 0.1s | Iter Loss 1.0970 | Iter Mean Loss 1.0856
2023-02-13 19:00:15,874 - root - INFO - KG & CF Training: Epoch 0003 Iter 0028 / 0041 | Time 0.1s | Iter Loss 1.1006 | Iter Mean Loss 1.0861
2023-02-13 19:00:16,029 - root - INFO - KG & CF Training: Epoch 0003 Iter 0029 / 0041 | Time 0.2s | Iter Loss 1.0375 | Iter Mean Loss 1.0844
2023-02-13 19:00:16,171 - root - INFO - KG & CF Training: Epoch 0003 Iter 0030 / 0041 | Time 0.1s | Iter Loss 1.0709 | Iter Mean Loss 1.0840
2023-02-13 19:00:16,313 - root - INFO - KG & CF Training: Epoch 0003 Iter 0031 / 0041 | Time 0.1s | Iter Loss 1.0792 | Iter Mean Loss 1.0838
2023-02-13 19:00:16,442 - root - INFO - KG & CF Training: Epoch 0003 Iter 0032 / 0041 | Time 0.1s | Iter Loss 1.0605 | Iter Mean Loss 1.0831
2023-02-13 19:00:16,587 - root - INFO - KG & CF Training: Epoch 0003 Iter 0033 / 0041 | Time 0.1s | Iter Loss 1.0755 | Iter Mean Loss 1.0829
2023-02-13 19:00:16,722 - root - INFO - KG & CF Training: Epoch 0003 Iter 0034 / 0041 | Time 0.1s | Iter Loss 1.0403 | Iter Mean Loss 1.0816
2023-02-13 19:00:16,853 - root - INFO - KG & CF Training: Epoch 0003 Iter 0035 / 0041 | Time 0.1s | Iter Loss 1.0125 | Iter Mean Loss 1.0796
2023-02-13 19:00:17,004 - root - INFO - KG & CF Training: Epoch 0003 Iter 0036 / 0041 | Time 0.2s | Iter Loss 1.0958 | Iter Mean Loss 1.0801
2023-02-13 19:00:17,142 - root - INFO - KG & CF Training: Epoch 0003 Iter 0037 / 0041 | Time 0.1s | Iter Loss 1.0704 | Iter Mean Loss 1.0798
2023-02-13 19:00:17,274 - root - INFO - KG & CF Training: Epoch 0003 Iter 0038 / 0041 | Time 0.1s | Iter Loss 1.0705 | Iter Mean Loss 1.0796
2023-02-13 19:00:17,412 - root - INFO - KG & CF Training: Epoch 0003 Iter 0039 / 0041 | Time 0.1s | Iter Loss 1.1181 | Iter Mean Loss 1.0806
2023-02-13 19:00:17,551 - root - INFO - KG & CF Training: Epoch 0003 Iter 0040 / 0041 | Time 0.1s | Iter Loss 1.0776 | Iter Mean Loss 1.0805
2023-02-13 19:00:17,689 - root - INFO - KG & CF Training: Epoch 0003 Iter 0041 / 0041 | Time 0.1s | Iter Loss 1.0704 | Iter Mean Loss 1.0802
2023-02-13 19:00:17,689 - root - INFO - KG & CF Training: Epoch 0003 Total Iter 0041 | Total Time 5.7s | Iter Mean Loss 1.0802
2023-02-13 19:00:17,824 - root - INFO - KG & CF Training: Epoch 0004 Iter 0001 / 0041 | Time 0.1s | Iter Loss 1.0893 | Iter Mean Loss 1.0893
2023-02-13 19:00:17,963 - root - INFO - KG & CF Training: Epoch 0004 Iter 0002 / 0041 | Time 0.1s | Iter Loss 1.0164 | Iter Mean Loss 1.0529
2023-02-13 19:00:18,099 - root - INFO - KG & CF Training: Epoch 0004 Iter 0003 / 0041 | Time 0.1s | Iter Loss 1.0656 | Iter Mean Loss 1.0571
2023-02-13 19:00:18,233 - root - INFO - KG & CF Training: Epoch 0004 Iter 0004 / 0041 | Time 0.1s | Iter Loss 0.9995 | Iter Mean Loss 1.0427
2023-02-13 19:00:18,363 - root - INFO - KG & CF Training: Epoch 0004 Iter 0005 / 0041 | Time 0.1s | Iter Loss 1.0711 | Iter Mean Loss 1.0484
2023-02-13 19:00:18,487 - root - INFO - KG & CF Training: Epoch 0004 Iter 0006 / 0041 | Time 0.1s | Iter Loss 1.0312 | Iter Mean Loss 1.0455
2023-02-13 19:00:18,625 - root - INFO - KG & CF Training: Epoch 0004 Iter 0007 / 0041 | Time 0.1s | Iter Loss 1.1190 | Iter Mean Loss 1.0560
2023-02-13 19:00:18,762 - root - INFO - KG & CF Training: Epoch 0004 Iter 0008 / 0041 | Time 0.1s | Iter Loss 1.0552 | Iter Mean Loss 1.0559
2023-02-13 19:00:18,894 - root - INFO - KG & CF Training: Epoch 0004 Iter 0009 / 0041 | Time 0.1s | Iter Loss 1.0686 | Iter Mean Loss 1.0573
2023-02-13 19:00:19,025 - root - INFO - KG & CF Training: Epoch 0004 Iter 0010 / 0041 | Time 0.1s | Iter Loss 1.1263 | Iter Mean Loss 1.0642
2023-02-13 19:00:19,163 - root - INFO - KG & CF Training: Epoch 0004 Iter 0011 / 0041 | Time 0.1s | Iter Loss 1.0623 | Iter Mean Loss 1.0641
2023-02-13 19:00:19,289 - root - INFO - KG & CF Training: Epoch 0004 Iter 0012 / 0041 | Time 0.1s | Iter Loss 1.0742 | Iter Mean Loss 1.0649
2023-02-13 19:00:19,424 - root - INFO - KG & CF Training: Epoch 0004 Iter 0013 / 0041 | Time 0.1s | Iter Loss 1.0904 | Iter Mean Loss 1.0669
2023-02-13 19:00:19,575 - root - INFO - KG & CF Training: Epoch 0004 Iter 0014 / 0041 | Time 0.1s | Iter Loss 1.0903 | Iter Mean Loss 1.0685
2023-02-13 19:00:19,698 - root - INFO - KG & CF Training: Epoch 0004 Iter 0015 / 0041 | Time 0.1s | Iter Loss 1.0438 | Iter Mean Loss 1.0669
2023-02-13 19:00:19,826 - root - INFO - KG & CF Training: Epoch 0004 Iter 0016 / 0041 | Time 0.1s | Iter Loss 1.0728 | Iter Mean Loss 1.0673
2023-02-13 19:00:19,963 - root - INFO - KG & CF Training: Epoch 0004 Iter 0017 / 0041 | Time 0.1s | Iter Loss 1.0944 | Iter Mean Loss 1.0689
2023-02-13 19:00:20,108 - root - INFO - KG & CF Training: Epoch 0004 Iter 0018 / 0041 | Time 0.1s | Iter Loss 1.0069 | Iter Mean Loss 1.0654
2023-02-13 19:00:20,252 - root - INFO - KG & CF Training: Epoch 0004 Iter 0019 / 0041 | Time 0.1s | Iter Loss 1.0531 | Iter Mean Loss 1.0648
2023-02-13 19:00:20,383 - root - INFO - KG & CF Training: Epoch 0004 Iter 0020 / 0041 | Time 0.1s | Iter Loss 1.1076 | Iter Mean Loss 1.0669
2023-02-13 19:00:20,506 - root - INFO - KG & CF Training: Epoch 0004 Iter 0021 / 0041 | Time 0.1s | Iter Loss 1.0533 | Iter Mean Loss 1.0663
2023-02-13 19:00:20,654 - root - INFO - KG & CF Training: Epoch 0004 Iter 0022 / 0041 | Time 0.1s | Iter Loss 1.0357 | Iter Mean Loss 1.0649
2023-02-13 19:00:20,800 - root - INFO - KG & CF Training: Epoch 0004 Iter 0023 / 0041 | Time 0.1s | Iter Loss 1.0355 | Iter Mean Loss 1.0636
2023-02-13 19:00:20,935 - root - INFO - KG & CF Training: Epoch 0004 Iter 0024 / 0041 | Time 0.1s | Iter Loss 1.0581 | Iter Mean Loss 1.0634
2023-02-13 19:00:21,077 - root - INFO - KG & CF Training: Epoch 0004 Iter 0025 / 0041 | Time 0.1s | Iter Loss 1.0608 | Iter Mean Loss 1.0633
2023-02-13 19:00:21,204 - root - INFO - KG & CF Training: Epoch 0004 Iter 0026 / 0041 | Time 0.1s | Iter Loss 1.0662 | Iter Mean Loss 1.0634
2023-02-13 19:00:21,333 - root - INFO - KG & CF Training: Epoch 0004 Iter 0027 / 0041 | Time 0.1s | Iter Loss 1.0316 | Iter Mean Loss 1.0622
2023-02-13 19:00:21,462 - root - INFO - KG & CF Training: Epoch 0004 Iter 0028 / 0041 | Time 0.1s | Iter Loss 1.0079 | Iter Mean Loss 1.0603
2023-02-13 19:00:21,596 - root - INFO - KG & CF Training: Epoch 0004 Iter 0029 / 0041 | Time 0.1s | Iter Loss 1.0881 | Iter Mean Loss 1.0612
2023-02-13 19:00:21,731 - root - INFO - KG & CF Training: Epoch 0004 Iter 0030 / 0041 | Time 0.1s | Iter Loss 1.0300 | Iter Mean Loss 1.0602
2023-02-13 19:00:21,875 - root - INFO - KG & CF Training: Epoch 0004 Iter 0031 / 0041 | Time 0.1s | Iter Loss 1.0586 | Iter Mean Loss 1.0601
2023-02-13 19:00:22,013 - root - INFO - KG & CF Training: Epoch 0004 Iter 0032 / 0041 | Time 0.1s | Iter Loss 1.0113 | Iter Mean Loss 1.0586
2023-02-13 19:00:22,156 - root - INFO - KG & CF Training: Epoch 0004 Iter 0033 / 0041 | Time 0.1s | Iter Loss 0.9927 | Iter Mean Loss 1.0566
2023-02-13 19:00:22,295 - root - INFO - KG & CF Training: Epoch 0004 Iter 0034 / 0041 | Time 0.1s | Iter Loss 1.0421 | Iter Mean Loss 1.0562
2023-02-13 19:00:22,421 - root - INFO - KG & CF Training: Epoch 0004 Iter 0035 / 0041 | Time 0.1s | Iter Loss 1.0411 | Iter Mean Loss 1.0557
2023-02-13 19:00:22,559 - root - INFO - KG & CF Training: Epoch 0004 Iter 0036 / 0041 | Time 0.1s | Iter Loss 1.0797 | Iter Mean Loss 1.0564
2023-02-13 19:00:22,694 - root - INFO - KG & CF Training: Epoch 0004 Iter 0037 / 0041 | Time 0.1s | Iter Loss 1.0335 | Iter Mean Loss 1.0558
2023-02-13 19:00:22,835 - root - INFO - KG & CF Training: Epoch 0004 Iter 0038 / 0041 | Time 0.1s | Iter Loss 1.0959 | Iter Mean Loss 1.0568
2023-02-13 19:00:22,967 - root - INFO - KG & CF Training: Epoch 0004 Iter 0039 / 0041 | Time 0.1s | Iter Loss 0.9996 | Iter Mean Loss 1.0554
2023-02-13 19:00:23,101 - root - INFO - KG & CF Training: Epoch 0004 Iter 0040 / 0041 | Time 0.1s | Iter Loss 0.9775 | Iter Mean Loss 1.0534
2023-02-13 19:00:23,239 - root - INFO - KG & CF Training: Epoch 0004 Iter 0041 / 0041 | Time 0.1s | Iter Loss 1.0435 | Iter Mean Loss 1.0532
2023-02-13 19:00:23,240 - root - INFO - KG & CF Training: Epoch 0004 Total Iter 0041 | Total Time 5.6s | Iter Mean Loss 1.0532
2023-02-13 19:00:23,374 - root - INFO - KG & CF Training: Epoch 0005 Iter 0001 / 0041 | Time 0.1s | Iter Loss 1.0713 | Iter Mean Loss 1.0713
2023-02-13 19:00:23,500 - root - INFO - KG & CF Training: Epoch 0005 Iter 0002 / 0041 | Time 0.1s | Iter Loss 0.9950 | Iter Mean Loss 1.0331
2023-02-13 19:00:23,637 - root - INFO - KG & CF Training: Epoch 0005 Iter 0003 / 0041 | Time 0.1s | Iter Loss 1.0479 | Iter Mean Loss 1.0380
2023-02-13 19:00:23,776 - root - INFO - KG & CF Training: Epoch 0005 Iter 0004 / 0041 | Time 0.1s | Iter Loss 1.0365 | Iter Mean Loss 1.0377
2023-02-13 19:00:23,919 - root - INFO - KG & CF Training: Epoch 0005 Iter 0005 / 0041 | Time 0.1s | Iter Loss 1.0168 | Iter Mean Loss 1.0335
2023-02-13 19:00:24,056 - root - INFO - KG & CF Training: Epoch 0005 Iter 0006 / 0041 | Time 0.1s | Iter Loss 1.0458 | Iter Mean Loss 1.0355
2023-02-13 19:00:24,201 - root - INFO - KG & CF Training: Epoch 0005 Iter 0007 / 0041 | Time 0.1s | Iter Loss 1.0371 | Iter Mean Loss 1.0358
2023-02-13 19:00:24,337 - root - INFO - KG & CF Training: Epoch 0005 Iter 0008 / 0041 | Time 0.1s | Iter Loss 1.1141 | Iter Mean Loss 1.0456
2023-02-13 19:00:24,459 - root - INFO - KG & CF Training: Epoch 0005 Iter 0009 / 0041 | Time 0.1s | Iter Loss 1.0252 | Iter Mean Loss 1.0433
2023-02-13 19:00:24,582 - root - INFO - KG & CF Training: Epoch 0005 Iter 0010 / 0041 | Time 0.1s | Iter Loss 1.0370 | Iter Mean Loss 1.0427
2023-02-13 19:00:24,715 - root - INFO - KG & CF Training: Epoch 0005 Iter 0011 / 0041 | Time 0.1s | Iter Loss 1.0536 | Iter Mean Loss 1.0437
2023-02-13 19:00:24,842 - root - INFO - KG & CF Training: Epoch 0005 Iter 0012 / 0041 | Time 0.1s | Iter Loss 0.9928 | Iter Mean Loss 1.0394
2023-02-13 19:00:24,964 - root - INFO - KG & CF Training: Epoch 0005 Iter 0013 / 0041 | Time 0.1s | Iter Loss 1.0109 | Iter Mean Loss 1.0372
2023-02-13 19:00:25,098 - root - INFO - KG & CF Training: Epoch 0005 Iter 0014 / 0041 | Time 0.1s | Iter Loss 1.0349 | Iter Mean Loss 1.0371
2023-02-13 19:00:25,251 - root - INFO - KG & CF Training: Epoch 0005 Iter 0015 / 0041 | Time 0.2s | Iter Loss 1.0100 | Iter Mean Loss 1.0353
2023-02-13 19:00:25,397 - root - INFO - KG & CF Training: Epoch 0005 Iter 0016 / 0041 | Time 0.1s | Iter Loss 0.9914 | Iter Mean Loss 1.0325
2023-02-13 19:00:25,535 - root - INFO - KG & CF Training: Epoch 0005 Iter 0017 / 0041 | Time 0.1s | Iter Loss 1.0582 | Iter Mean Loss 1.0340
2023-02-13 19:00:25,673 - root - INFO - KG & CF Training: Epoch 0005 Iter 0018 / 0041 | Time 0.1s | Iter Loss 1.0550 | Iter Mean Loss 1.0352
2023-02-13 19:00:25,811 - root - INFO - KG & CF Training: Epoch 0005 Iter 0019 / 0041 | Time 0.1s | Iter Loss 1.0542 | Iter Mean Loss 1.0362
2023-02-13 19:00:25,953 - root - INFO - KG & CF Training: Epoch 0005 Iter 0020 / 0041 | Time 0.1s | Iter Loss 1.0201 | Iter Mean Loss 1.0354
2023-02-13 19:00:26,084 - root - INFO - KG & CF Training: Epoch 0005 Iter 0021 / 0041 | Time 0.1s | Iter Loss 0.9871 | Iter Mean Loss 1.0331
2023-02-13 19:00:26,206 - root - INFO - KG & CF Training: Epoch 0005 Iter 0022 / 0041 | Time 0.1s | Iter Loss 1.0368 | Iter Mean Loss 1.0332
2023-02-13 19:00:26,345 - root - INFO - KG & CF Training: Epoch 0005 Iter 0023 / 0041 | Time 0.1s | Iter Loss 1.0275 | Iter Mean Loss 1.0330
2023-02-13 19:00:26,484 - root - INFO - KG & CF Training: Epoch 0005 Iter 0024 / 0041 | Time 0.1s | Iter Loss 1.0205 | Iter Mean Loss 1.0325
2023-02-13 19:00:26,624 - root - INFO - KG & CF Training: Epoch 0005 Iter 0025 / 0041 | Time 0.1s | Iter Loss 1.0338 | Iter Mean Loss 1.0325
2023-02-13 19:00:26,765 - root - INFO - KG & CF Training: Epoch 0005 Iter 0026 / 0041 | Time 0.1s | Iter Loss 0.9865 | Iter Mean Loss 1.0308
2023-02-13 19:00:26,899 - root - INFO - KG & CF Training: Epoch 0005 Iter 0027 / 0041 | Time 0.1s | Iter Loss 1.0605 | Iter Mean Loss 1.0319
2023-02-13 19:00:27,038 - root - INFO - KG & CF Training: Epoch 0005 Iter 0028 / 0041 | Time 0.1s | Iter Loss 1.0094 | Iter Mean Loss 1.0311
2023-02-13 19:00:27,166 - root - INFO - KG & CF Training: Epoch 0005 Iter 0029 / 0041 | Time 0.1s | Iter Loss 1.0603 | Iter Mean Loss 1.0321
2023-02-13 19:00:27,307 - root - INFO - KG & CF Training: Epoch 0005 Iter 0030 / 0041 | Time 0.1s | Iter Loss 1.0150 | Iter Mean Loss 1.0315
2023-02-13 19:00:27,430 - root - INFO - KG & CF Training: Epoch 0005 Iter 0031 / 0041 | Time 0.1s | Iter Loss 1.0242 | Iter Mean Loss 1.0313
2023-02-13 19:00:27,574 - root - INFO - KG & CF Training: Epoch 0005 Iter 0032 / 0041 | Time 0.1s | Iter Loss 1.0171 | Iter Mean Loss 1.0308
2023-02-13 19:00:27,715 - root - INFO - KG & CF Training: Epoch 0005 Iter 0033 / 0041 | Time 0.1s | Iter Loss 1.0135 | Iter Mean Loss 1.0303
2023-02-13 19:00:27,853 - root - INFO - KG & CF Training: Epoch 0005 Iter 0034 / 0041 | Time 0.1s | Iter Loss 1.0682 | Iter Mean Loss 1.0314
2023-02-13 19:00:27,977 - root - INFO - KG & CF Training: Epoch 0005 Iter 0035 / 0041 | Time 0.1s | Iter Loss 1.0536 | Iter Mean Loss 1.0320
2023-02-13 19:00:28,119 - root - INFO - KG & CF Training: Epoch 0005 Iter 0036 / 0041 | Time 0.1s | Iter Loss 1.0189 | Iter Mean Loss 1.0317
2023-02-13 19:00:28,251 - root - INFO - KG & CF Training: Epoch 0005 Iter 0037 / 0041 | Time 0.1s | Iter Loss 0.9990 | Iter Mean Loss 1.0308
2023-02-13 19:00:28,384 - root - INFO - KG & CF Training: Epoch 0005 Iter 0038 / 0041 | Time 0.1s | Iter Loss 1.0047 | Iter Mean Loss 1.0301
2023-02-13 19:00:28,515 - root - INFO - KG & CF Training: Epoch 0005 Iter 0039 / 0041 | Time 0.1s | Iter Loss 0.9707 | Iter Mean Loss 1.0286
2023-02-13 19:00:28,665 - root - INFO - KG & CF Training: Epoch 0005 Iter 0040 / 0041 | Time 0.1s | Iter Loss 1.0304 | Iter Mean Loss 1.0286
2023-02-13 19:00:28,807 - root - INFO - KG & CF Training: Epoch 0005 Iter 0041 / 0041 | Time 0.1s | Iter Loss 1.0106 | Iter Mean Loss 1.0282
2023-02-13 19:00:28,807 - root - INFO - KG & CF Training: Epoch 0005 Total Iter 0041 | Total Time 5.6s | Iter Mean Loss 1.0282
2023-02-13 19:00:28,936 - root - INFO - KG & CF Training: Epoch 0006 Iter 0001 / 0041 | Time 0.1s | Iter Loss 1.0451 | Iter Mean Loss 1.0451
2023-02-13 19:00:29,074 - root - INFO - KG & CF Training: Epoch 0006 Iter 0002 / 0041 | Time 0.1s | Iter Loss 0.9888 | Iter Mean Loss 1.0169
2023-02-13 19:00:29,210 - root - INFO - KG & CF Training: Epoch 0006 Iter 0003 / 0041 | Time 0.1s | Iter Loss 0.9754 | Iter Mean Loss 1.0031
2023-02-13 19:00:29,350 - root - INFO - KG & CF Training: Epoch 0006 Iter 0004 / 0041 | Time 0.1s | Iter Loss 0.9744 | Iter Mean Loss 0.9959
2023-02-13 19:00:29,479 - root - INFO - KG & CF Training: Epoch 0006 Iter 0005 / 0041 | Time 0.1s | Iter Loss 0.9986 | Iter Mean Loss 0.9965
2023-02-13 19:00:29,623 - root - INFO - KG & CF Training: Epoch 0006 Iter 0006 / 0041 | Time 0.1s | Iter Loss 1.0301 | Iter Mean Loss 1.0021
2023-02-13 19:00:29,746 - root - INFO - KG & CF Training: Epoch 0006 Iter 0007 / 0041 | Time 0.1s | Iter Loss 1.0365 | Iter Mean Loss 1.0070
2023-02-13 19:00:29,882 - root - INFO - KG & CF Training: Epoch 0006 Iter 0008 / 0041 | Time 0.1s | Iter Loss 1.0407 | Iter Mean Loss 1.0112
2023-02-13 19:00:30,027 - root - INFO - KG & CF Training: Epoch 0006 Iter 0009 / 0041 | Time 0.1s | Iter Loss 1.0250 | Iter Mean Loss 1.0127
2023-02-13 19:00:30,166 - root - INFO - KG & CF Training: Epoch 0006 Iter 0010 / 0041 | Time 0.1s | Iter Loss 1.0535 | Iter Mean Loss 1.0168
2023-02-13 19:00:30,293 - root - INFO - KG & CF Training: Epoch 0006 Iter 0011 / 0041 | Time 0.1s | Iter Loss 1.0008 | Iter Mean Loss 1.0153
2023-02-13 19:00:30,429 - root - INFO - KG & CF Training: Epoch 0006 Iter 0012 / 0041 | Time 0.1s | Iter Loss 1.0054 | Iter Mean Loss 1.0145
2023-02-13 19:00:30,572 - root - INFO - KG & CF Training: Epoch 0006 Iter 0013 / 0041 | Time 0.1s | Iter Loss 1.0118 | Iter Mean Loss 1.0143
2023-02-13 19:00:30,707 - root - INFO - KG & CF Training: Epoch 0006 Iter 0014 / 0041 | Time 0.1s | Iter Loss 1.0291 | Iter Mean Loss 1.0154
2023-02-13 19:00:30,842 - root - INFO - KG & CF Training: Epoch 0006 Iter 0015 / 0041 | Time 0.1s | Iter Loss 1.0795 | Iter Mean Loss 1.0196
2023-02-13 19:00:30,979 - root - INFO - KG & CF Training: Epoch 0006 Iter 0016 / 0041 | Time 0.1s | Iter Loss 1.0381 | Iter Mean Loss 1.0208
2023-02-13 19:00:31,113 - root - INFO - KG & CF Training: Epoch 0006 Iter 0017 / 0041 | Time 0.1s | Iter Loss 1.0127 | Iter Mean Loss 1.0203
2023-02-13 19:00:31,238 - root - INFO - KG & CF Training: Epoch 0006 Iter 0018 / 0041 | Time 0.1s | Iter Loss 1.0287 | Iter Mean Loss 1.0208
2023-02-13 19:00:31,361 - root - INFO - KG & CF Training: Epoch 0006 Iter 0019 / 0041 | Time 0.1s | Iter Loss 1.0386 | Iter Mean Loss 1.0217
2023-02-13 19:00:31,487 - root - INFO - KG & CF Training: Epoch 0006 Iter 0020 / 0041 | Time 0.1s | Iter Loss 1.0178 | Iter Mean Loss 1.0215
2023-02-13 19:00:31,632 - root - INFO - KG & CF Training: Epoch 0006 Iter 0021 / 0041 | Time 0.1s | Iter Loss 0.9887 | Iter Mean Loss 1.0200
2023-02-13 19:00:31,762 - root - INFO - KG & CF Training: Epoch 0006 Iter 0022 / 0041 | Time 0.1s | Iter Loss 1.0110 | Iter Mean Loss 1.0196
2023-02-13 19:00:31,905 - root - INFO - KG & CF Training: Epoch 0006 Iter 0023 / 0041 | Time 0.1s | Iter Loss 1.0063 | Iter Mean Loss 1.0190
2023-02-13 19:00:32,048 - root - INFO - KG & CF Training: Epoch 0006 Iter 0024 / 0041 | Time 0.1s | Iter Loss 0.9987 | Iter Mean Loss 1.0181
2023-02-13 19:00:32,187 - root - INFO - KG & CF Training: Epoch 0006 Iter 0025 / 0041 | Time 0.1s | Iter Loss 1.0218 | Iter Mean Loss 1.0183
2023-02-13 19:00:32,319 - root - INFO - KG & CF Training: Epoch 0006 Iter 0026 / 0041 | Time 0.1s | Iter Loss 0.9986 | Iter Mean Loss 1.0175
2023-02-13 19:00:32,449 - root - INFO - KG & CF Training: Epoch 0006 Iter 0027 / 0041 | Time 0.1s | Iter Loss 1.0216 | Iter Mean Loss 1.0177
2023-02-13 19:00:32,581 - root - INFO - KG & CF Training: Epoch 0006 Iter 0028 / 0041 | Time 0.1s | Iter Loss 1.0600 | Iter Mean Loss 1.0192
2023-02-13 19:00:32,718 - root - INFO - KG & CF Training: Epoch 0006 Iter 0029 / 0041 | Time 0.1s | Iter Loss 1.0641 | Iter Mean Loss 1.0207
2023-02-13 19:00:32,853 - root - INFO - KG & CF Training: Epoch 0006 Iter 0030 / 0041 | Time 0.1s | Iter Loss 0.9677 | Iter Mean Loss 1.0190
2023-02-13 19:00:32,988 - root - INFO - KG & CF Training: Epoch 0006 Iter 0031 / 0041 | Time 0.1s | Iter Loss 0.9995 | Iter Mean Loss 1.0183
2023-02-13 19:00:33,115 - root - INFO - KG & CF Training: Epoch 0006 Iter 0032 / 0041 | Time 0.1s | Iter Loss 1.0080 | Iter Mean Loss 1.0180
2023-02-13 19:00:33,242 - root - INFO - KG & CF Training: Epoch 0006 Iter 0033 / 0041 | Time 0.1s | Iter Loss 1.0041 | Iter Mean Loss 1.0176
2023-02-13 19:00:33,390 - root - INFO - KG & CF Training: Epoch 0006 Iter 0034 / 0041 | Time 0.1s | Iter Loss 1.0110 | Iter Mean Loss 1.0174
2023-02-13 19:00:33,522 - root - INFO - KG & CF Training: Epoch 0006 Iter 0035 / 0041 | Time 0.1s | Iter Loss 1.0305 | Iter Mean Loss 1.0178
2023-02-13 19:00:33,668 - root - INFO - KG & CF Training: Epoch 0006 Iter 0036 / 0041 | Time 0.1s | Iter Loss 1.0184 | Iter Mean Loss 1.0178
2023-02-13 19:00:33,801 - root - INFO - KG & CF Training: Epoch 0006 Iter 0037 / 0041 | Time 0.1s | Iter Loss 0.9816 | Iter Mean Loss 1.0168
2023-02-13 19:00:33,929 - root - INFO - KG & CF Training: Epoch 0006 Iter 0038 / 0041 | Time 0.1s | Iter Loss 1.0356 | Iter Mean Loss 1.0173
2023-02-13 19:00:34,082 - root - INFO - KG & CF Training: Epoch 0006 Iter 0039 / 0041 | Time 0.2s | Iter Loss 1.0042 | Iter Mean Loss 1.0170
2023-02-13 19:00:34,212 - root - INFO - KG & CF Training: Epoch 0006 Iter 0040 / 0041 | Time 0.1s | Iter Loss 1.0424 | Iter Mean Loss 1.0176
2023-02-13 19:00:34,338 - root - INFO - KG & CF Training: Epoch 0006 Iter 0041 / 0041 | Time 0.1s | Iter Loss 0.9794 | Iter Mean Loss 1.0167
2023-02-13 19:00:34,338 - root - INFO - KG & CF Training: Epoch 0006 Total Iter 0041 | Total Time 5.5s | Iter Mean Loss 1.0167
2023-02-13 19:00:34,474 - root - INFO - KG & CF Training: Epoch 0007 Iter 0001 / 0041 | Time 0.1s | Iter Loss 0.9132 | Iter Mean Loss 0.9132
2023-02-13 19:00:34,618 - root - INFO - KG & CF Training: Epoch 0007 Iter 0002 / 0041 | Time 0.1s | Iter Loss 0.9785 | Iter Mean Loss 0.9459
2023-02-13 19:00:34,758 - root - INFO - KG & CF Training: Epoch 0007 Iter 0003 / 0041 | Time 0.1s | Iter Loss 0.9959 | Iter Mean Loss 0.9626
2023-02-13 19:00:34,888 - root - INFO - KG & CF Training: Epoch 0007 Iter 0004 / 0041 | Time 0.1s | Iter Loss 0.9911 | Iter Mean Loss 0.9697
2023-02-13 19:00:35,033 - root - INFO - KG & CF Training: Epoch 0007 Iter 0005 / 0041 | Time 0.1s | Iter Loss 1.0014 | Iter Mean Loss 0.9760
2023-02-13 19:00:35,162 - root - INFO - KG & CF Training: Epoch 0007 Iter 0006 / 0041 | Time 0.1s | Iter Loss 1.0195 | Iter Mean Loss 0.9833
2023-02-13 19:00:35,286 - root - INFO - KG & CF Training: Epoch 0007 Iter 0007 / 0041 | Time 0.1s | Iter Loss 1.0120 | Iter Mean Loss 0.9874
2023-02-13 19:00:35,425 - root - INFO - KG & CF Training: Epoch 0007 Iter 0008 / 0041 | Time 0.1s | Iter Loss 1.0205 | Iter Mean Loss 0.9915
2023-02-13 19:00:35,552 - root - INFO - KG & CF Training: Epoch 0007 Iter 0009 / 0041 | Time 0.1s | Iter Loss 0.9829 | Iter Mean Loss 0.9906
2023-02-13 19:00:35,683 - root - INFO - KG & CF Training: Epoch 0007 Iter 0010 / 0041 | Time 0.1s | Iter Loss 0.9307 | Iter Mean Loss 0.9846
2023-02-13 19:00:35,814 - root - INFO - KG & CF Training: Epoch 0007 Iter 0011 / 0041 | Time 0.1s | Iter Loss 1.0275 | Iter Mean Loss 0.9885
2023-02-13 19:00:35,938 - root - INFO - KG & CF Training: Epoch 0007 Iter 0012 / 0041 | Time 0.1s | Iter Loss 0.9860 | Iter Mean Loss 0.9883
2023-02-13 19:00:36,084 - root - INFO - KG & CF Training: Epoch 0007 Iter 0013 / 0041 | Time 0.1s | Iter Loss 0.9624 | Iter Mean Loss 0.9863
2023-02-13 19:00:36,220 - root - INFO - KG & CF Training: Epoch 0007 Iter 0014 / 0041 | Time 0.1s | Iter Loss 1.0046 | Iter Mean Loss 0.9876
2023-02-13 19:00:36,354 - root - INFO - KG & CF Training: Epoch 0007 Iter 0015 / 0041 | Time 0.1s | Iter Loss 1.0144 | Iter Mean Loss 0.9894
2023-02-13 19:00:36,478 - root - INFO - KG & CF Training: Epoch 0007 Iter 0016 / 0041 | Time 0.1s | Iter Loss 0.9946 | Iter Mean Loss 0.9897
2023-02-13 19:00:36,618 - root - INFO - KG & CF Training: Epoch 0007 Iter 0017 / 0041 | Time 0.1s | Iter Loss 1.0173 | Iter Mean Loss 0.9913
2023-02-13 19:00:36,745 - root - INFO - KG & CF Training: Epoch 0007 Iter 0018 / 0041 | Time 0.1s | Iter Loss 1.0374 | Iter Mean Loss 0.9939
2023-02-13 19:00:36,872 - root - INFO - KG & CF Training: Epoch 0007 Iter 0019 / 0041 | Time 0.1s | Iter Loss 1.0203 | Iter Mean Loss 0.9953
2023-02-13 19:00:37,023 - root - INFO - KG & CF Training: Epoch 0007 Iter 0020 / 0041 | Time 0.2s | Iter Loss 1.0015 | Iter Mean Loss 0.9956
2023-02-13 19:00:37,170 - root - INFO - KG & CF Training: Epoch 0007 Iter 0021 / 0041 | Time 0.1s | Iter Loss 0.9924 | Iter Mean Loss 0.9954
2023-02-13 19:00:37,300 - root - INFO - KG & CF Training: Epoch 0007 Iter 0022 / 0041 | Time 0.1s | Iter Loss 1.0029 | Iter Mean Loss 0.9958
2023-02-13 19:00:37,434 - root - INFO - KG & CF Training: Epoch 0007 Iter 0023 / 0041 | Time 0.1s | Iter Loss 1.0167 | Iter Mean Loss 0.9967
2023-02-13 19:00:37,565 - root - INFO - KG & CF Training: Epoch 0007 Iter 0024 / 0041 | Time 0.1s | Iter Loss 1.0027 | Iter Mean Loss 0.9969
2023-02-13 19:00:37,703 - root - INFO - KG & CF Training: Epoch 0007 Iter 0025 / 0041 | Time 0.1s | Iter Loss 0.9419 | Iter Mean Loss 0.9947
2023-02-13 19:00:37,839 - root - INFO - KG & CF Training: Epoch 0007 Iter 0026 / 0041 | Time 0.1s | Iter Loss 0.9966 | Iter Mean Loss 0.9948
2023-02-13 19:00:37,971 - root - INFO - KG & CF Training: Epoch 0007 Iter 0027 / 0041 | Time 0.1s | Iter Loss 0.9790 | Iter Mean Loss 0.9942
2023-02-13 19:00:38,116 - root - INFO - KG & CF Training: Epoch 0007 Iter 0028 / 0041 | Time 0.1s | Iter Loss 0.9878 | Iter Mean Loss 0.9940
2023-02-13 19:00:38,245 - root - INFO - KG & CF Training: Epoch 0007 Iter 0029 / 0041 | Time 0.1s | Iter Loss 0.9772 | Iter Mean Loss 0.9934
2023-02-13 19:00:38,384 - root - INFO - KG & CF Training: Epoch 0007 Iter 0030 / 0041 | Time 0.1s | Iter Loss 0.9868 | Iter Mean Loss 0.9932
2023-02-13 19:00:38,529 - root - INFO - KG & CF Training: Epoch 0007 Iter 0031 / 0041 | Time 0.1s | Iter Loss 1.0277 | Iter Mean Loss 0.9943
2023-02-13 19:00:38,658 - root - INFO - KG & CF Training: Epoch 0007 Iter 0032 / 0041 | Time 0.1s | Iter Loss 0.9751 | Iter Mean Loss 0.9937
2023-02-13 19:00:38,783 - root - INFO - KG & CF Training: Epoch 0007 Iter 0033 / 0041 | Time 0.1s | Iter Loss 0.9931 | Iter Mean Loss 0.9937
2023-02-13 19:00:38,915 - root - INFO - KG & CF Training: Epoch 0007 Iter 0034 / 0041 | Time 0.1s | Iter Loss 0.9567 | Iter Mean Loss 0.9926
2023-02-13 19:00:39,044 - root - INFO - KG & CF Training: Epoch 0007 Iter 0035 / 0041 | Time 0.1s | Iter Loss 0.9351 | Iter Mean Loss 0.9910
2023-02-13 19:00:39,174 - root - INFO - KG & CF Training: Epoch 0007 Iter 0036 / 0041 | Time 0.1s | Iter Loss 1.0023 | Iter Mean Loss 0.9913
2023-02-13 19:00:39,313 - root - INFO - KG & CF Training: Epoch 0007 Iter 0037 / 0041 | Time 0.1s | Iter Loss 0.9535 | Iter Mean Loss 0.9902
2023-02-13 19:00:39,439 - root - INFO - KG & CF Training: Epoch 0007 Iter 0038 / 0041 | Time 0.1s | Iter Loss 0.9606 | Iter Mean Loss 0.9895
2023-02-13 19:00:39,576 - root - INFO - KG & CF Training: Epoch 0007 Iter 0039 / 0041 | Time 0.1s | Iter Loss 0.9850 | Iter Mean Loss 0.9894
2023-02-13 19:00:39,703 - root - INFO - KG & CF Training: Epoch 0007 Iter 0040 / 0041 | Time 0.1s | Iter Loss 1.0149 | Iter Mean Loss 0.9900
2023-02-13 19:00:39,838 - root - INFO - KG & CF Training: Epoch 0007 Iter 0041 / 0041 | Time 0.1s | Iter Loss 0.9290 | Iter Mean Loss 0.9885
2023-02-13 19:00:39,839 - root - INFO - KG & CF Training: Epoch 0007 Total Iter 0041 | Total Time 5.5s | Iter Mean Loss 0.9885
2023-02-13 19:00:39,961 - root - INFO - KG & CF Training: Epoch 0008 Iter 0001 / 0041 | Time 0.1s | Iter Loss 0.9391 | Iter Mean Loss 0.9391
2023-02-13 19:00:40,099 - root - INFO - KG & CF Training: Epoch 0008 Iter 0002 / 0041 | Time 0.1s | Iter Loss 0.9423 | Iter Mean Loss 0.9407
2023-02-13 19:00:40,223 - root - INFO - KG & CF Training: Epoch 0008 Iter 0003 / 0041 | Time 0.1s | Iter Loss 0.9699 | Iter Mean Loss 0.9504
2023-02-13 19:00:40,352 - root - INFO - KG & CF Training: Epoch 0008 Iter 0004 / 0041 | Time 0.1s | Iter Loss 0.9735 | Iter Mean Loss 0.9562
2023-02-13 19:00:40,474 - root - INFO - KG & CF Training: Epoch 0008 Iter 0005 / 0041 | Time 0.1s | Iter Loss 0.9978 | Iter Mean Loss 0.9645
2023-02-13 19:00:40,613 - root - INFO - KG & CF Training: Epoch 0008 Iter 0006 / 0041 | Time 0.1s | Iter Loss 0.9768 | Iter Mean Loss 0.9666
2023-02-13 19:00:40,748 - root - INFO - KG & CF Training: Epoch 0008 Iter 0007 / 0041 | Time 0.1s | Iter Loss 0.9213 | Iter Mean Loss 0.9601
2023-02-13 19:00:40,884 - root - INFO - KG & CF Training: Epoch 0008 Iter 0008 / 0041 | Time 0.1s | Iter Loss 0.9847 | Iter Mean Loss 0.9632
2023-02-13 19:00:41,041 - root - INFO - KG & CF Training: Epoch 0008 Iter 0009 / 0041 | Time 0.2s | Iter Loss 1.0272 | Iter Mean Loss 0.9703
2023-02-13 19:00:41,194 - root - INFO - KG & CF Training: Epoch 0008 Iter 0010 / 0041 | Time 0.2s | Iter Loss 0.9918 | Iter Mean Loss 0.9724
2023-02-13 19:00:41,324 - root - INFO - KG & CF Training: Epoch 0008 Iter 0011 / 0041 | Time 0.1s | Iter Loss 0.9996 | Iter Mean Loss 0.9749
2023-02-13 19:00:41,458 - root - INFO - KG & CF Training: Epoch 0008 Iter 0012 / 0041 | Time 0.1s | Iter Loss 0.9445 | Iter Mean Loss 0.9724
2023-02-13 19:00:41,606 - root - INFO - KG & CF Training: Epoch 0008 Iter 0013 / 0041 | Time 0.1s | Iter Loss 0.9789 | Iter Mean Loss 0.9729
2023-02-13 19:00:41,753 - root - INFO - KG & CF Training: Epoch 0008 Iter 0014 / 0041 | Time 0.1s | Iter Loss 0.9661 | Iter Mean Loss 0.9724
2023-02-13 19:00:41,886 - root - INFO - KG & CF Training: Epoch 0008 Iter 0015 / 0041 | Time 0.1s | Iter Loss 0.9463 | Iter Mean Loss 0.9707
2023-02-13 19:00:42,018 - root - INFO - KG & CF Training: Epoch 0008 Iter 0016 / 0041 | Time 0.1s | Iter Loss 0.8940 | Iter Mean Loss 0.9659
2023-02-13 19:00:42,154 - root - INFO - KG & CF Training: Epoch 0008 Iter 0017 / 0041 | Time 0.1s | Iter Loss 0.9398 | Iter Mean Loss 0.9643
2023-02-13 19:00:42,285 - root - INFO - KG & CF Training: Epoch 0008 Iter 0018 / 0041 | Time 0.1s | Iter Loss 0.9807 | Iter Mean Loss 0.9652
2023-02-13 19:00:42,410 - root - INFO - KG & CF Training: Epoch 0008 Iter 0019 / 0041 | Time 0.1s | Iter Loss 0.9672 | Iter Mean Loss 0.9653
2023-02-13 19:00:42,533 - root - INFO - KG & CF Training: Epoch 0008 Iter 0020 / 0041 | Time 0.1s | Iter Loss 0.9518 | Iter Mean Loss 0.9647
2023-02-13 19:00:42,660 - root - INFO - KG & CF Training: Epoch 0008 Iter 0021 / 0041 | Time 0.1s | Iter Loss 0.9313 | Iter Mean Loss 0.9631
2023-02-13 19:00:42,783 - root - INFO - KG & CF Training: Epoch 0008 Iter 0022 / 0041 | Time 0.1s | Iter Loss 0.9562 | Iter Mean Loss 0.9628
2023-02-13 19:00:42,931 - root - INFO - KG & CF Training: Epoch 0008 Iter 0023 / 0041 | Time 0.1s | Iter Loss 0.9474 | Iter Mean Loss 0.9621
2023-02-13 19:00:43,069 - root - INFO - KG & CF Training: Epoch 0008 Iter 0024 / 0041 | Time 0.1s | Iter Loss 0.9512 | Iter Mean Loss 0.9616
2023-02-13 19:00:43,197 - root - INFO - KG & CF Training: Epoch 0008 Iter 0025 / 0041 | Time 0.1s | Iter Loss 0.9501 | Iter Mean Loss 0.9612
2023-02-13 19:00:43,325 - root - INFO - KG & CF Training: Epoch 0008 Iter 0026 / 0041 | Time 0.1s | Iter Loss 0.9840 | Iter Mean Loss 0.9621
2023-02-13 19:00:43,473 - root - INFO - KG & CF Training: Epoch 0008 Iter 0027 / 0041 | Time 0.1s | Iter Loss 0.9539 | Iter Mean Loss 0.9618
2023-02-13 19:00:43,607 - root - INFO - KG & CF Training: Epoch 0008 Iter 0028 / 0041 | Time 0.1s | Iter Loss 0.9633 | Iter Mean Loss 0.9618
2023-02-13 19:00:43,740 - root - INFO - KG & CF Training: Epoch 0008 Iter 0029 / 0041 | Time 0.1s | Iter Loss 0.9435 | Iter Mean Loss 0.9612
2023-02-13 19:00:43,872 - root - INFO - KG & CF Training: Epoch 0008 Iter 0030 / 0041 | Time 0.1s | Iter Loss 0.9431 | Iter Mean Loss 0.9606
2023-02-13 19:00:44,002 - root - INFO - KG & CF Training: Epoch 0008 Iter 0031 / 0041 | Time 0.1s | Iter Loss 0.9171 | Iter Mean Loss 0.9592
2023-02-13 19:00:44,142 - root - INFO - KG & CF Training: Epoch 0008 Iter 0032 / 0041 | Time 0.1s | Iter Loss 0.9240 | Iter Mean Loss 0.9581
2023-02-13 19:00:44,279 - root - INFO - KG & CF Training: Epoch 0008 Iter 0033 / 0041 | Time 0.1s | Iter Loss 0.9199 | Iter Mean Loss 0.9569
2023-02-13 19:00:44,406 - root - INFO - KG & CF Training: Epoch 0008 Iter 0034 / 0041 | Time 0.1s | Iter Loss 0.9280 | Iter Mean Loss 0.9561
2023-02-13 19:00:44,545 - root - INFO - KG & CF Training: Epoch 0008 Iter 0035 / 0041 | Time 0.1s | Iter Loss 0.9506 | Iter Mean Loss 0.9559
2023-02-13 19:00:44,681 - root - INFO - KG & CF Training: Epoch 0008 Iter 0036 / 0041 | Time 0.1s | Iter Loss 0.9423 | Iter Mean Loss 0.9555
2023-02-13 19:00:44,814 - root - INFO - KG & CF Training: Epoch 0008 Iter 0037 / 0041 | Time 0.1s | Iter Loss 0.9491 | Iter Mean Loss 0.9554
2023-02-13 19:00:44,953 - root - INFO - KG & CF Training: Epoch 0008 Iter 0038 / 0041 | Time 0.1s | Iter Loss 0.9655 | Iter Mean Loss 0.9556
2023-02-13 19:00:45,096 - root - INFO - KG & CF Training: Epoch 0008 Iter 0039 / 0041 | Time 0.1s | Iter Loss 0.9590 | Iter Mean Loss 0.9557
2023-02-13 19:00:45,235 - root - INFO - KG & CF Training: Epoch 0008 Iter 0040 / 0041 | Time 0.1s | Iter Loss 0.9807 | Iter Mean Loss 0.9563
2023-02-13 19:00:45,395 - root - INFO - KG & CF Training: Epoch 0008 Iter 0041 / 0041 | Time 0.2s | Iter Loss 0.9272 | Iter Mean Loss 0.9556
2023-02-13 19:00:45,395 - root - INFO - KG & CF Training: Epoch 0008 Total Iter 0041 | Total Time 5.6s | Iter Mean Loss 0.9556
2023-02-13 19:00:45,544 - root - INFO - KG & CF Training: Epoch 0009 Iter 0001 / 0041 | Time 0.1s | Iter Loss 0.9146 | Iter Mean Loss 0.9146
2023-02-13 19:00:45,680 - root - INFO - KG & CF Training: Epoch 0009 Iter 0002 / 0041 | Time 0.1s | Iter Loss 0.9600 | Iter Mean Loss 0.9373
2023-02-13 19:00:45,812 - root - INFO - KG & CF Training: Epoch 0009 Iter 0003 / 0041 | Time 0.1s | Iter Loss 0.8905 | Iter Mean Loss 0.9217
2023-02-13 19:00:45,968 - root - INFO - KG & CF Training: Epoch 0009 Iter 0004 / 0041 | Time 0.2s | Iter Loss 0.9243 | Iter Mean Loss 0.9224
2023-02-13 19:00:46,104 - root - INFO - KG & CF Training: Epoch 0009 Iter 0005 / 0041 | Time 0.1s | Iter Loss 0.8990 | Iter Mean Loss 0.9177
2023-02-13 19:00:46,246 - root - INFO - KG & CF Training: Epoch 0009 Iter 0006 / 0041 | Time 0.1s | Iter Loss 0.9534 | Iter Mean Loss 0.9236
2023-02-13 19:00:46,389 - root - INFO - KG & CF Training: Epoch 0009 Iter 0007 / 0041 | Time 0.1s | Iter Loss 0.9118 | Iter Mean Loss 0.9219
2023-02-13 19:00:46,549 - root - INFO - KG & CF Training: Epoch 0009 Iter 0008 / 0041 | Time 0.2s | Iter Loss 0.9023 | Iter Mean Loss 0.9195
2023-02-13 19:00:46,710 - root - INFO - KG & CF Training: Epoch 0009 Iter 0009 / 0041 | Time 0.2s | Iter Loss 0.9134 | Iter Mean Loss 0.9188
2023-02-13 19:00:46,869 - root - INFO - KG & CF Training: Epoch 0009 Iter 0010 / 0041 | Time 0.2s | Iter Loss 0.9852 | Iter Mean Loss 0.9254
2023-02-13 19:00:47,014 - root - INFO - KG & CF Training: Epoch 0009 Iter 0011 / 0041 | Time 0.1s | Iter Loss 0.9443 | Iter Mean Loss 0.9272
2023-02-13 19:00:47,159 - root - INFO - KG & CF Training: Epoch 0009 Iter 0012 / 0041 | Time 0.1s | Iter Loss 0.8780 | Iter Mean Loss 0.9231
2023-02-13 19:00:47,301 - root - INFO - KG & CF Training: Epoch 0009 Iter 0013 / 0041 | Time 0.1s | Iter Loss 0.9473 | Iter Mean Loss 0.9249
2023-02-13 19:00:47,428 - root - INFO - KG & CF Training: Epoch 0009 Iter 0014 / 0041 | Time 0.1s | Iter Loss 0.9199 | Iter Mean Loss 0.9246
2023-02-13 19:00:47,564 - root - INFO - KG & CF Training: Epoch 0009 Iter 0015 / 0041 | Time 0.1s | Iter Loss 0.8962 | Iter Mean Loss 0.9227
2023-02-13 19:00:47,698 - root - INFO - KG & CF Training: Epoch 0009 Iter 0016 / 0041 | Time 0.1s | Iter Loss 0.9447 | Iter Mean Loss 0.9241
2023-02-13 19:00:47,846 - root - INFO - KG & CF Training: Epoch 0009 Iter 0017 / 0041 | Time 0.1s | Iter Loss 0.9039 | Iter Mean Loss 0.9229
2023-02-13 19:00:47,977 - root - INFO - KG & CF Training: Epoch 0009 Iter 0018 / 0041 | Time 0.1s | Iter Loss 0.9451 | Iter Mean Loss 0.9241
2023-02-13 19:00:48,109 - root - INFO - KG & CF Training: Epoch 0009 Iter 0019 / 0041 | Time 0.1s | Iter Loss 0.9449 | Iter Mean Loss 0.9252
2023-02-13 19:00:48,251 - root - INFO - KG & CF Training: Epoch 0009 Iter 0020 / 0041 | Time 0.1s | Iter Loss 0.9100 | Iter Mean Loss 0.9244
2023-02-13 19:00:48,388 - root - INFO - KG & CF Training: Epoch 0009 Iter 0021 / 0041 | Time 0.1s | Iter Loss 0.9136 | Iter Mean Loss 0.9239
2023-02-13 19:00:48,520 - root - INFO - KG & CF Training: Epoch 0009 Iter 0022 / 0041 | Time 0.1s | Iter Loss 0.8859 | Iter Mean Loss 0.9222
2023-02-13 19:00:48,661 - root - INFO - KG & CF Training: Epoch 0009 Iter 0023 / 0041 | Time 0.1s | Iter Loss 0.9067 | Iter Mean Loss 0.9215
2023-02-13 19:00:48,807 - root - INFO - KG & CF Training: Epoch 0009 Iter 0024 / 0041 | Time 0.1s | Iter Loss 0.8955 | Iter Mean Loss 0.9204
2023-02-13 19:00:48,938 - root - INFO - KG & CF Training: Epoch 0009 Iter 0025 / 0041 | Time 0.1s | Iter Loss 0.8882 | Iter Mean Loss 0.9191
2023-02-13 19:00:49,073 - root - INFO - KG & CF Training: Epoch 0009 Iter 0026 / 0041 | Time 0.1s | Iter Loss 0.9138 | Iter Mean Loss 0.9189
2023-02-13 19:00:49,201 - root - INFO - KG & CF Training: Epoch 0009 Iter 0027 / 0041 | Time 0.1s | Iter Loss 0.9281 | Iter Mean Loss 0.9193
2023-02-13 19:00:49,347 - root - INFO - KG & CF Training: Epoch 0009 Iter 0028 / 0041 | Time 0.1s | Iter Loss 0.9387 | Iter Mean Loss 0.9200
2023-02-13 19:00:49,471 - root - INFO - KG & CF Training: Epoch 0009 Iter 0029 / 0041 | Time 0.1s | Iter Loss 0.9147 | Iter Mean Loss 0.9198
2023-02-13 19:00:49,599 - root - INFO - KG & CF Training: Epoch 0009 Iter 0030 / 0041 | Time 0.1s | Iter Loss 0.9188 | Iter Mean Loss 0.9198
2023-02-13 19:00:49,744 - root - INFO - KG & CF Training: Epoch 0009 Iter 0031 / 0041 | Time 0.1s | Iter Loss 0.9048 | Iter Mean Loss 0.9193
2023-02-13 19:00:49,881 - root - INFO - KG & CF Training: Epoch 0009 Iter 0032 / 0041 | Time 0.1s | Iter Loss 0.9391 | Iter Mean Loss 0.9199
2023-02-13 19:00:50,014 - root - INFO - KG & CF Training: Epoch 0009 Iter 0033 / 0041 | Time 0.1s | Iter Loss 0.9047 | Iter Mean Loss 0.9194
2023-02-13 19:00:50,153 - root - INFO - KG & CF Training: Epoch 0009 Iter 0034 / 0041 | Time 0.1s | Iter Loss 0.9002 | Iter Mean Loss 0.9189
2023-02-13 19:00:50,282 - root - INFO - KG & CF Training: Epoch 0009 Iter 0035 / 0041 | Time 0.1s | Iter Loss 0.9132 | Iter Mean Loss 0.9187
2023-02-13 19:00:50,412 - root - INFO - KG & CF Training: Epoch 0009 Iter 0036 / 0041 | Time 0.1s | Iter Loss 0.8897 | Iter Mean Loss 0.9179
2023-02-13 19:00:50,549 - root - INFO - KG & CF Training: Epoch 0009 Iter 0037 / 0041 | Time 0.1s | Iter Loss 0.9202 | Iter Mean Loss 0.9180
2023-02-13 19:00:50,680 - root - INFO - KG & CF Training: Epoch 0009 Iter 0038 / 0041 | Time 0.1s | Iter Loss 0.9176 | Iter Mean Loss 0.9179
2023-02-13 19:00:50,810 - root - INFO - KG & CF Training: Epoch 0009 Iter 0039 / 0041 | Time 0.1s | Iter Loss 0.8850 | Iter Mean Loss 0.9171
2023-02-13 19:00:50,962 - root - INFO - KG & CF Training: Epoch 0009 Iter 0040 / 0041 | Time 0.2s | Iter Loss 0.9076 | Iter Mean Loss 0.9169
2023-02-13 19:00:51,096 - root - INFO - KG & CF Training: Epoch 0009 Iter 0041 / 0041 | Time 0.1s | Iter Loss 0.8975 | Iter Mean Loss 0.9164
2023-02-13 19:00:51,097 - root - INFO - KG & CF Training: Epoch 0009 Total Iter 0041 | Total Time 5.7s | Iter Mean Loss 0.9164
2023-02-13 19:00:51,237 - root - INFO - KG & CF Training: Epoch 0010 Iter 0001 / 0041 | Time 0.1s | Iter Loss 0.8753 | Iter Mean Loss 0.8753
2023-02-13 19:00:51,371 - root - INFO - KG & CF Training: Epoch 0010 Iter 0002 / 0041 | Time 0.1s | Iter Loss 0.8894 | Iter Mean Loss 0.8823
2023-02-13 19:00:51,508 - root - INFO - KG & CF Training: Epoch 0010 Iter 0003 / 0041 | Time 0.1s | Iter Loss 0.9060 | Iter Mean Loss 0.8902
2023-02-13 19:00:51,651 - root - INFO - KG & CF Training: Epoch 0010 Iter 0004 / 0041 | Time 0.1s | Iter Loss 0.8946 | Iter Mean Loss 0.8913
2023-02-13 19:00:51,779 - root - INFO - KG & CF Training: Epoch 0010 Iter 0005 / 0041 | Time 0.1s | Iter Loss 0.9206 | Iter Mean Loss 0.8972
2023-02-13 19:00:51,911 - root - INFO - KG & CF Training: Epoch 0010 Iter 0006 / 0041 | Time 0.1s | Iter Loss 0.8910 | Iter Mean Loss 0.8961
2023-02-13 19:00:52,045 - root - INFO - KG & CF Training: Epoch 0010 Iter 0007 / 0041 | Time 0.1s | Iter Loss 0.9058 | Iter Mean Loss 0.8975
2023-02-13 19:00:52,194 - root - INFO - KG & CF Training: Epoch 0010 Iter 0008 / 0041 | Time 0.1s | Iter Loss 0.8931 | Iter Mean Loss 0.8970
2023-02-13 19:00:52,341 - root - INFO - KG & CF Training: Epoch 0010 Iter 0009 / 0041 | Time 0.1s | Iter Loss 0.9058 | Iter Mean Loss 0.8979
2023-02-13 19:00:52,479 - root - INFO - KG & CF Training: Epoch 0010 Iter 0010 / 0041 | Time 0.1s | Iter Loss 0.8660 | Iter Mean Loss 0.8947
2023-02-13 19:00:52,621 - root - INFO - KG & CF Training: Epoch 0010 Iter 0011 / 0041 | Time 0.1s | Iter Loss 0.8670 | Iter Mean Loss 0.8922
2023-02-13 19:00:52,753 - root - INFO - KG & CF Training: Epoch 0010 Iter 0012 / 0041 | Time 0.1s | Iter Loss 0.9190 | Iter Mean Loss 0.8945
2023-02-13 19:00:52,888 - root - INFO - KG & CF Training: Epoch 0010 Iter 0013 / 0041 | Time 0.1s | Iter Loss 0.8897 | Iter Mean Loss 0.8941
2023-02-13 19:00:53,013 - root - INFO - KG & CF Training: Epoch 0010 Iter 0014 / 0041 | Time 0.1s | Iter Loss 0.8924 | Iter Mean Loss 0.8940
2023-02-13 19:00:53,148 - root - INFO - KG & CF Training: Epoch 0010 Iter 0015 / 0041 | Time 0.1s | Iter Loss 0.8694 | Iter Mean Loss 0.8923
2023-02-13 19:00:53,290 - root - INFO - KG & CF Training: Epoch 0010 Iter 0016 / 0041 | Time 0.1s | Iter Loss 0.9002 | Iter Mean Loss 0.8928
2023-02-13 19:00:53,427 - root - INFO - KG & CF Training: Epoch 0010 Iter 0017 / 0041 | Time 0.1s | Iter Loss 0.8932 | Iter Mean Loss 0.8928
2023-02-13 19:00:53,573 - root - INFO - KG & CF Training: Epoch 0010 Iter 0018 / 0041 | Time 0.1s | Iter Loss 0.9242 | Iter Mean Loss 0.8946
2023-02-13 19:00:53,708 - root - INFO - KG & CF Training: Epoch 0010 Iter 0019 / 0041 | Time 0.1s | Iter Loss 0.8915 | Iter Mean Loss 0.8944
2023-02-13 19:00:53,850 - root - INFO - KG & CF Training: Epoch 0010 Iter 0020 / 0041 | Time 0.1s | Iter Loss 0.9091 | Iter Mean Loss 0.8952
2023-02-13 19:00:53,987 - root - INFO - KG & CF Training: Epoch 0010 Iter 0021 / 0041 | Time 0.1s | Iter Loss 0.9339 | Iter Mean Loss 0.8970
2023-02-13 19:00:54,130 - root - INFO - KG & CF Training: Epoch 0010 Iter 0022 / 0041 | Time 0.1s | Iter Loss 0.8434 | Iter Mean Loss 0.8946
2023-02-13 19:00:54,268 - root - INFO - KG & CF Training: Epoch 0010 Iter 0023 / 0041 | Time 0.1s | Iter Loss 0.8716 | Iter Mean Loss 0.8936
2023-02-13 19:00:54,400 - root - INFO - KG & CF Training: Epoch 0010 Iter 0024 / 0041 | Time 0.1s | Iter Loss 0.8996 | Iter Mean Loss 0.8938
2023-02-13 19:00:54,535 - root - INFO - KG & CF Training: Epoch 0010 Iter 0025 / 0041 | Time 0.1s | Iter Loss 0.8819 | Iter Mean Loss 0.8933
2023-02-13 19:00:54,682 - root - INFO - KG & CF Training: Epoch 0010 Iter 0026 / 0041 | Time 0.1s | Iter Loss 0.8854 | Iter Mean Loss 0.8930
2023-02-13 19:00:54,827 - root - INFO - KG & CF Training: Epoch 0010 Iter 0027 / 0041 | Time 0.1s | Iter Loss 0.8591 | Iter Mean Loss 0.8918
2023-02-13 19:00:54,973 - root - INFO - KG & CF Training: Epoch 0010 Iter 0028 / 0041 | Time 0.1s | Iter Loss 0.8962 | Iter Mean Loss 0.8919
2023-02-13 19:00:55,112 - root - INFO - KG & CF Training: Epoch 0010 Iter 0029 / 0041 | Time 0.1s | Iter Loss 0.8675 | Iter Mean Loss 0.8911
2023-02-13 19:00:55,240 - root - INFO - KG & CF Training: Epoch 0010 Iter 0030 / 0041 | Time 0.1s | Iter Loss 0.8487 | Iter Mean Loss 0.8897
2023-02-13 19:00:55,382 - root - INFO - KG & CF Training: Epoch 0010 Iter 0031 / 0041 | Time 0.1s | Iter Loss 0.8838 | Iter Mean Loss 0.8895
2023-02-13 19:00:55,510 - root - INFO - KG & CF Training: Epoch 0010 Iter 0032 / 0041 | Time 0.1s | Iter Loss 0.8600 | Iter Mean Loss 0.8886
2023-02-13 19:00:55,654 - root - INFO - KG & CF Training: Epoch 0010 Iter 0033 / 0041 | Time 0.1s | Iter Loss 0.8638 | Iter Mean Loss 0.8878
2023-02-13 19:00:55,800 - root - INFO - KG & CF Training: Epoch 0010 Iter 0034 / 0041 | Time 0.1s | Iter Loss 0.9112 | Iter Mean Loss 0.8885
2023-02-13 19:00:55,945 - root - INFO - KG & CF Training: Epoch 0010 Iter 0035 / 0041 | Time 0.1s | Iter Loss 0.9245 | Iter Mean Loss 0.8895
2023-02-13 19:00:56,081 - root - INFO - KG & CF Training: Epoch 0010 Iter 0036 / 0041 | Time 0.1s | Iter Loss 0.8662 | Iter Mean Loss 0.8889
2023-02-13 19:00:56,205 - root - INFO - KG & CF Training: Epoch 0010 Iter 0037 / 0041 | Time 0.1s | Iter Loss 0.8913 | Iter Mean Loss 0.8890
2023-02-13 19:00:56,340 - root - INFO - KG & CF Training: Epoch 0010 Iter 0038 / 0041 | Time 0.1s | Iter Loss 0.8393 | Iter Mean Loss 0.8876
2023-02-13 19:00:56,478 - root - INFO - KG & CF Training: Epoch 0010 Iter 0039 / 0041 | Time 0.1s | Iter Loss 0.8694 | Iter Mean Loss 0.8872
2023-02-13 19:00:56,608 - root - INFO - KG & CF Training: Epoch 0010 Iter 0040 / 0041 | Time 0.1s | Iter Loss 0.8043 | Iter Mean Loss 0.8851
2023-02-13 19:00:56,743 - root - INFO - KG & CF Training: Epoch 0010 Iter 0041 / 0041 | Time 0.1s | Iter Loss 0.8724 | Iter Mean Loss 0.8848
2023-02-13 19:00:56,743 - root - INFO - KG & CF Training: Epoch 0010 Total Iter 0041 | Total Time 5.6s | Iter Mean Loss 0.8848
